2025-02-27 12:15:09,129 - app.utils.settings - WARNING - Конфиг не найден или пуст. Создаю новый
2025-02-27 12:15:09,132 - app.utils.logger - INFO - Аудиоконтроллер инициализирован
2025-02-27 12:15:09,220 - app.utils.logger - INFO - Горячие клавиши зарегистрированы
2025-02-27 12:15:09,577 - app.utils.logger - INFO - Приложение запущено
2025-02-27 12:21:36,344 - app.utils.logger - INFO - Аудиоконтроллер инициализирован
2025-02-27 12:21:36,433 - app.utils.logger - INFO - Горячие клавиши зарегистрированы
2025-02-27 12:22:53,804 - app.utils.logger - INFO - Аудиоконтроллер инициализирован
2025-02-27 12:22:53,894 - app.utils.logger - INFO - Горячие клавиши зарегистрированы
2025-02-27 12:23:09,836 - app.utils.settings - WARNING - Конфиг не найден или пуст. Создаю новый
2025-02-27 12:23:09,839 - app.utils.logger - INFO - Аудиоконтроллер инициализирован
2025-02-27 12:23:09,929 - app.utils.logger - INFO - Горячие клавиши зарегистрированы
2025-02-27 12:25:16,312 - app.utils.logger - INFO - Аудиоконтроллер инициализирован
2025-02-27 12:25:16,401 - app.utils.logger - INFO - Горячие клавиши зарегистрированы
2025-02-27 13:27:06,797 - app.utils.config_manager - WARNING - Конфиг не найден. Создаю новый
2025-02-27 13:27:06,800 - app.utils.logger - INFO - Аудиоконтроллер инициализирован
2025-02-27 13:27:06,891 - app.utils.logger - INFO - Горячие клавиши зарегистрированы
2025-02-27 13:32:19,489 - app.utils.logger - INFO - Аудиоконтроллер инициализирован
2025-02-27 13:32:19,579 - app.utils.logger - INFO - Горячие клавиши зарегистрированы
2025-02-27 13:32:19,591 - app.utils.logger - INFO - Трей-иконка инициализирована
2025-02-27 13:32:19,599 - app.utils.logger - INFO - Приложение запущено
2025-02-27 13:32:22,424 - app.utils.logger - INFO - Окно настроек инициализировано
2025-02-27 13:32:22,555 - app.utils.logger - INFO - Окно настроек отображено
2025-02-27 13:32:23,900 - app.utils.logger - INFO - Громкость: 99%
2025-02-27 13:32:23,907 - app.utils.logger - INFO - Громкость: 98%
2025-02-27 13:32:23,911 - app.utils.logger - INFO - Громкость: 97%
2025-02-27 13:32:23,916 - app.utils.logger - INFO - Громкость: 96%
2025-02-27 13:32:23,919 - app.utils.logger - INFO - Громкость: 95%
2025-02-27 13:32:23,922 - app.utils.logger - INFO - Громкость: 94%
2025-02-27 13:32:23,925 - app.utils.logger - INFO - Громкость: 93%
2025-02-27 13:32:23,928 - app.utils.logger - INFO - Громкость: 92%
2025-02-27 13:32:23,930 - app.utils.logger - INFO - Громкость: 91%
2025-02-27 13:32:23,933 - app.utils.logger - INFO - Громкость: 90%
2025-02-27 13:32:23,935 - app.utils.logger - INFO - Громкость: 89%
2025-02-27 13:32:23,937 - app.utils.logger - INFO - Громкость: 88%
2025-02-27 13:32:23,940 - app.utils.logger - INFO - Громкость: 87%
2025-02-27 13:32:23,942 - app.utils.logger - INFO - Громкость: 86%
2025-02-27 13:32:23,944 - app.utils.logger - INFO - Громкость: 85%
2025-02-27 13:32:23,947 - app.utils.logger - INFO - Громкость: 84%
2025-02-27 13:32:23,949 - app.utils.logger - INFO - Громкость: 83%
2025-02-27 13:32:23,950 - app.utils.logger - INFO - Громкость: 82%
2025-02-27 13:32:23,953 - app.utils.logger - INFO - Громкость: 81%
2025-02-27 13:32:23,955 - app.utils.logger - INFO - Громкость: 80%
2025-02-27 13:32:23,957 - app.utils.logger - INFO - Громкость: 79%
2025-02-27 13:32:23,959 - app.utils.logger - INFO - Громкость: 78%
2025-02-27 13:32:23,962 - app.utils.logger - INFO - Громкость: 77%
2025-02-27 13:32:23,964 - app.utils.logger - INFO - Громкость: 76%
2025-02-27 13:32:23,965 - app.utils.logger - INFO - Громкость: 75%
2025-02-27 13:32:23,968 - app.utils.logger - INFO - Громкость: 74%
2025-02-27 13:32:23,969 - app.utils.logger - INFO - Громкость: 73%
2025-02-27 13:32:23,971 - app.utils.logger - INFO - Громкость: 72%
2025-02-27 13:32:23,974 - app.utils.logger - INFO - Громкость: 71%
2025-02-27 13:32:23,976 - app.utils.logger - INFO - Громкость: 70%
2025-02-27 13:32:23,978 - app.utils.logger - INFO - Громкость: 69%
2025-02-27 13:32:23,982 - app.utils.logger - INFO - Громкость: 68%
2025-02-27 13:32:23,983 - app.utils.logger - INFO - Громкость: 67%
2025-02-27 13:32:23,986 - app.utils.logger - INFO - Громкость: 66%
2025-02-27 13:32:23,988 - app.utils.logger - INFO - Громкость: 65%
2025-02-27 13:32:23,990 - app.utils.logger - INFO - Громкость: 64%
2025-02-27 13:32:23,993 - app.utils.logger - INFO - Громкость: 63%
2025-02-27 13:32:23,995 - app.utils.logger - INFO - Громкость: 62%
2025-02-27 13:32:23,997 - app.utils.logger - INFO - Громкость: 61%
2025-02-27 13:32:24,000 - app.utils.logger - INFO - Громкость: 60%
2025-02-27 13:32:24,003 - app.utils.logger - INFO - Громкость: 59%
2025-02-27 13:32:24,006 - app.utils.logger - INFO - Громкость: 58%
2025-02-27 13:32:24,008 - app.utils.logger - INFO - Громкость: 57%
2025-02-27 13:32:24,012 - app.utils.logger - INFO - Громкость: 56%
2025-02-27 13:32:24,013 - app.utils.logger - INFO - Громкость: 55%
2025-02-27 13:32:24,017 - app.utils.logger - INFO - Громкость: 54%
2025-02-27 13:32:24,019 - app.utils.logger - INFO - Громкость: 53%
2025-02-27 13:32:24,022 - app.utils.logger - INFO - Громкость: 52%
2025-02-27 13:32:24,026 - app.utils.logger - INFO - Громкость: 51%
2025-02-27 13:32:24,030 - app.utils.logger - INFO - Громкость: 50%
2025-02-27 13:32:24,032 - app.utils.logger - INFO - Громкость: 49%
2025-02-27 13:32:24,037 - app.utils.logger - INFO - Громкость: 48%
2025-02-27 13:32:24,042 - app.utils.logger - INFO - Громкость: 47%
2025-02-27 13:32:24,045 - app.utils.logger - INFO - Громкость: 46%
2025-02-27 13:32:24,051 - app.utils.logger - INFO - Громкость: 45%
2025-02-27 13:32:24,060 - app.utils.logger - INFO - Громкость: 44%
2025-02-27 13:32:24,066 - app.utils.logger - INFO - Громкость: 43%
2025-02-27 13:32:24,079 - app.utils.logger - INFO - Громкость: 42%
2025-02-27 13:32:24,101 - app.utils.logger - INFO - Громкость: 41%
2025-02-27 13:32:25,517 - app.utils.logger - INFO - Громкость: 40%
2025-02-27 13:32:25,536 - app.utils.logger - INFO - Громкость: 39%
2025-02-27 13:32:25,548 - app.utils.logger - INFO - Громкость: 38%
2025-02-27 13:32:25,554 - app.utils.logger - INFO - Громкость: 37%
2025-02-27 13:32:25,560 - app.utils.logger - INFO - Громкость: 36%
2025-02-27 13:32:25,565 - app.utils.logger - INFO - Громкость: 35%
2025-02-27 13:32:25,568 - app.utils.logger - INFO - Громкость: 34%
2025-02-27 13:32:25,572 - app.utils.logger - INFO - Громкость: 33%
2025-02-27 13:32:25,574 - app.utils.logger - INFO - Громкость: 32%
2025-02-27 13:32:25,576 - app.utils.logger - INFO - Громкость: 31%
2025-02-27 13:32:25,579 - app.utils.logger - INFO - Громкость: 30%
2025-02-27 13:32:25,582 - app.utils.logger - INFO - Громкость: 29%
2025-02-27 13:32:25,584 - app.utils.logger - INFO - Громкость: 28%
2025-02-27 13:32:25,586 - app.utils.logger - INFO - Громкость: 27%
2025-02-27 13:32:25,589 - app.utils.logger - INFO - Громкость: 26%
2025-02-27 13:32:25,592 - app.utils.logger - INFO - Громкость: 25%
2025-02-27 13:32:25,594 - app.utils.logger - INFO - Громкость: 24%
2025-02-27 13:32:25,597 - app.utils.logger - INFO - Громкость: 23%
2025-02-27 13:32:25,598 - app.utils.logger - INFO - Громкость: 22%
2025-02-27 13:32:25,600 - app.utils.logger - INFO - Громкость: 21%
2025-02-27 13:32:25,603 - app.utils.logger - INFO - Громкость: 20%
2025-02-27 13:32:25,605 - app.utils.logger - INFO - Громкость: 19%
2025-02-27 13:32:25,607 - app.utils.logger - INFO - Громкость: 18%
2025-02-27 13:32:25,610 - app.utils.logger - INFO - Громкость: 17%
2025-02-27 13:32:25,612 - app.utils.logger - INFO - Громкость: 16%
2025-02-27 13:32:25,615 - app.utils.logger - INFO - Громкость: 15%
2025-02-27 13:32:25,618 - app.utils.logger - INFO - Громкость: 14%
2025-02-27 13:32:25,619 - app.utils.logger - INFO - Громкость: 13%
2025-02-27 13:32:25,622 - app.utils.logger - INFO - Громкость: 12%
2025-02-27 13:32:25,625 - app.utils.logger - INFO - Громкость: 11%
2025-02-27 13:32:25,627 - app.utils.logger - INFO - Громкость: 10%
2025-02-27 13:32:25,631 - app.utils.logger - INFO - Громкость: 9%
2025-02-27 13:32:25,634 - app.utils.logger - INFO - Громкость: 8%
2025-02-27 13:32:25,636 - app.utils.logger - INFO - Громкость: 7%
2025-02-27 13:32:25,640 - app.utils.logger - INFO - Громкость: 6%
2025-02-27 13:32:25,644 - app.utils.logger - INFO - Громкость: 5%
2025-02-27 13:32:25,646 - app.utils.logger - INFO - Громкость: 4%
2025-02-27 13:32:25,651 - app.utils.logger - INFO - Громкость: 3%
2025-02-27 13:32:25,657 - app.utils.logger - INFO - Громкость: 2%
2025-02-27 13:32:25,663 - app.utils.logger - INFO - Громкость: 1%
2025-02-27 13:32:26,232 - app.utils.logger - INFO - Громкость: 2%
2025-02-27 13:32:26,239 - app.utils.logger - INFO - Громкость: 3%
2025-02-27 13:32:26,244 - app.utils.logger - INFO - Громкость: 4%
2025-02-27 13:32:26,249 - app.utils.logger - INFO - Громкость: 5%
2025-02-27 13:32:26,251 - app.utils.logger - INFO - Громкость: 6%
2025-02-27 13:32:26,254 - app.utils.logger - INFO - Громкость: 7%
2025-02-27 13:32:26,257 - app.utils.logger - INFO - Громкость: 8%
2025-02-27 13:32:26,259 - app.utils.logger - INFO - Громкость: 9%
2025-02-27 13:32:26,261 - app.utils.logger - INFO - Громкость: 10%
2025-02-27 13:32:26,263 - app.utils.logger - INFO - Громкость: 11%
2025-02-27 13:32:26,265 - app.utils.logger - INFO - Громкость: 12%
2025-02-27 13:32:26,267 - app.utils.logger - INFO - Громкость: 13%
2025-02-27 13:32:26,269 - app.utils.logger - INFO - Громкость: 14%
2025-02-27 13:32:26,271 - app.utils.logger - INFO - Громкость: 15%
2025-02-27 13:32:26,273 - app.utils.logger - INFO - Громкость: 16%
2025-02-27 13:32:26,274 - app.utils.logger - INFO - Громкость: 17%
2025-02-27 13:32:26,276 - app.utils.logger - INFO - Громкость: 18%
2025-02-27 13:32:26,277 - app.utils.logger - INFO - Громкость: 19%
2025-02-27 13:32:26,279 - app.utils.logger - INFO - Громкость: 20%
2025-02-27 13:32:26,280 - app.utils.logger - INFO - Громкость: 21%
2025-02-27 13:32:26,282 - app.utils.logger - INFO - Громкость: 22%
2025-02-27 13:32:26,284 - app.utils.logger - INFO - Громкость: 23%
2025-02-27 13:32:26,286 - app.utils.logger - INFO - Громкость: 24%
2025-02-27 13:32:26,288 - app.utils.logger - INFO - Громкость: 25%
2025-02-27 13:32:26,289 - app.utils.logger - INFO - Громкость: 26%
2025-02-27 13:32:26,291 - app.utils.logger - INFO - Громкость: 27%
2025-02-27 13:32:26,292 - app.utils.logger - INFO - Громкость: 28%
2025-02-27 13:32:26,294 - app.utils.logger - INFO - Громкость: 29%
2025-02-27 13:32:26,295 - app.utils.logger - INFO - Громкость: 30%
2025-02-27 13:32:26,297 - app.utils.logger - INFO - Громкость: 31%
2025-02-27 13:32:26,299 - app.utils.logger - INFO - Громкость: 32%
2025-02-27 13:32:26,301 - app.utils.logger - INFO - Громкость: 33%
2025-02-27 13:32:26,302 - app.utils.logger - INFO - Громкость: 34%
2025-02-27 13:32:26,304 - app.utils.logger - INFO - Громкость: 35%
2025-02-27 13:32:26,305 - app.utils.logger - INFO - Громкость: 36%
2025-02-27 13:32:26,307 - app.utils.logger - INFO - Громкость: 37%
2025-02-27 13:32:26,308 - app.utils.logger - INFO - Громкость: 38%
2025-02-27 13:32:26,310 - app.utils.logger - INFO - Громкость: 39%
2025-02-27 13:32:26,311 - app.utils.logger - INFO - Громкость: 40%
2025-02-27 13:32:26,314 - app.utils.logger - INFO - Громкость: 41%
2025-02-27 13:32:26,316 - app.utils.logger - INFO - Громкость: 42%
2025-02-27 13:32:26,317 - app.utils.logger - INFO - Громкость: 43%
2025-02-27 13:32:26,319 - app.utils.logger - INFO - Громкость: 44%
2025-02-27 13:32:26,320 - app.utils.logger - INFO - Громкость: 45%
2025-02-27 13:32:26,322 - app.utils.logger - INFO - Громкость: 46%
2025-02-27 13:32:26,324 - app.utils.logger - INFO - Громкость: 47%
2025-02-27 13:32:26,326 - app.utils.logger - INFO - Громкость: 48%
2025-02-27 13:32:26,328 - app.utils.logger - INFO - Громкость: 49%
2025-02-27 13:32:26,330 - app.utils.logger - INFO - Громкость: 50%
2025-02-27 13:32:26,332 - app.utils.logger - INFO - Громкость: 51%
2025-02-27 13:32:29,047 - app.utils.logger - INFO - Громкость: 52%
2025-02-27 13:32:29,056 - app.utils.logger - INFO - Громкость: 53%
2025-02-27 13:32:29,062 - app.utils.logger - INFO - Громкость: 54%
2025-02-27 13:32:29,068 - app.utils.logger - INFO - Громкость: 55%
2025-02-27 13:32:29,074 - app.utils.logger - INFO - Громкость: 56%
2025-02-27 13:32:29,076 - app.utils.logger - INFO - Громкость: 57%
2025-02-27 13:32:29,080 - app.utils.logger - INFO - Громкость: 58%
2025-02-27 13:32:29,085 - app.utils.logger - INFO - Громкость: 59%
2025-02-27 13:32:29,088 - app.utils.logger - INFO - Громкость: 60%
2025-02-27 13:32:29,092 - app.utils.logger - INFO - Громкость: 61%
2025-02-27 13:32:29,096 - app.utils.logger - INFO - Громкость: 62%
2025-02-27 13:32:29,097 - app.utils.logger - INFO - Громкость: 63%
2025-02-27 13:32:29,101 - app.utils.logger - INFO - Громкость: 64%
2025-02-27 13:32:29,104 - app.utils.logger - INFO - Громкость: 65%
2025-02-27 13:32:29,105 - app.utils.logger - INFO - Громкость: 66%
2025-02-27 13:32:29,108 - app.utils.logger - INFO - Громкость: 67%
2025-02-27 13:32:29,110 - app.utils.logger - INFO - Громкость: 68%
2025-02-27 13:32:29,112 - app.utils.logger - INFO - Громкость: 69%
2025-02-27 13:32:29,115 - app.utils.logger - INFO - Громкость: 70%
2025-02-27 13:32:29,117 - app.utils.logger - INFO - Громкость: 71%
2025-02-27 13:32:29,119 - app.utils.logger - INFO - Громкость: 72%
2025-02-27 13:32:29,122 - app.utils.logger - INFO - Громкость: 73%
2025-02-27 13:32:29,124 - app.utils.logger - INFO - Громкость: 74%
2025-02-27 13:32:29,125 - app.utils.logger - INFO - Громкость: 75%
2025-02-27 13:32:29,128 - app.utils.logger - INFO - Громкость: 76%
2025-02-27 13:32:29,130 - app.utils.logger - INFO - Громкость: 77%
2025-02-27 13:32:29,132 - app.utils.logger - INFO - Громкость: 78%
2025-02-27 13:32:29,134 - app.utils.logger - INFO - Громкость: 79%
2025-02-27 13:32:29,136 - app.utils.logger - INFO - Громкость: 80%
2025-02-27 13:32:29,138 - app.utils.logger - INFO - Громкость: 81%
2025-02-27 13:32:29,141 - app.utils.logger - INFO - Громкость: 82%
2025-02-27 13:32:29,143 - app.utils.logger - INFO - Громкость: 83%
2025-02-27 13:32:29,145 - app.utils.logger - INFO - Громкость: 84%
2025-02-27 13:32:29,147 - app.utils.logger - INFO - Громкость: 85%
2025-02-27 13:32:29,149 - app.utils.logger - INFO - Громкость: 86%
2025-02-27 13:32:29,151 - app.utils.logger - INFO - Громкость: 87%
2025-02-27 13:32:29,153 - app.utils.logger - INFO - Громкость: 88%
2025-02-27 13:32:29,156 - app.utils.logger - INFO - Громкость: 89%
2025-02-27 13:32:29,158 - app.utils.logger - INFO - Громкость: 90%
2025-02-27 13:32:29,160 - app.utils.logger - INFO - Громкость: 91%
2025-02-27 13:32:29,162 - app.utils.logger - INFO - Громкость: 92%
2025-02-27 13:32:29,164 - app.utils.logger - INFO - Громкость: 93%
2025-02-27 13:32:29,166 - app.utils.logger - INFO - Громкость: 94%
2025-02-27 13:32:29,169 - app.utils.logger - INFO - Громкость: 95%
2025-02-27 13:32:29,170 - app.utils.logger - INFO - Громкость: 96%
2025-02-27 13:32:29,172 - app.utils.logger - INFO - Громкость: 97%
2025-02-27 13:32:29,174 - app.utils.logger - INFO - Громкость: 98%
2025-02-27 13:32:29,176 - app.utils.logger - INFO - Громкость: 99%
2025-02-27 13:32:29,178 - app.utils.logger - INFO - Громкость: 100%
2025-02-27 13:32:37,354 - app.utils.logger - INFO - Громкость: 90%
2025-02-27 13:32:37,803 - app.utils.logger - INFO - Громкость: 80%
2025-02-27 13:32:38,096 - app.utils.logger - INFO - Громкость: 70%
2025-02-27 13:32:38,382 - app.utils.logger - INFO - Громкость: 60%
2025-02-27 13:32:38,593 - app.utils.logger - INFO - Громкость: 50%
2025-02-27 13:32:38,783 - app.utils.logger - INFO - Громкость: 40%
2025-02-27 13:32:38,960 - app.utils.logger - INFO - Громкость: 30%
2025-02-27 13:32:39,401 - app.utils.logger - INFO - Громкость: 40%
2025-02-27 13:32:40,156 - app.utils.logger - INFO - Громкость: 41%
2025-02-27 13:32:40,246 - app.utils.logger - INFO - Громкость: 42%
2025-02-27 13:32:40,263 - app.utils.logger - INFO - Громкость: 43%
2025-02-27 13:32:40,271 - app.utils.logger - INFO - Громкость: 44%
2025-02-27 13:32:40,275 - app.utils.logger - INFO - Громкость: 45%
2025-02-27 13:32:40,279 - app.utils.logger - INFO - Громкость: 46%
2025-02-27 13:32:40,282 - app.utils.logger - INFO - Громкость: 47%
2025-02-27 13:32:40,283 - app.utils.logger - INFO - Громкость: 48%
2025-02-27 13:32:40,286 - app.utils.logger - INFO - Громкость: 49%
2025-02-27 13:32:40,290 - app.utils.logger - INFO - Громкость: 50%
2025-02-27 13:32:40,291 - app.utils.logger - INFO - Громкость: 51%
2025-02-27 13:32:40,293 - app.utils.logger - INFO - Громкость: 52%
2025-02-27 13:32:40,295 - app.utils.logger - INFO - Громкость: 53%
2025-02-27 13:32:40,298 - app.utils.logger - INFO - Громкость: 54%
2025-02-27 13:32:40,299 - app.utils.logger - INFO - Громкость: 55%
2025-02-27 13:32:40,301 - app.utils.logger - INFO - Громкость: 56%
2025-02-27 13:32:40,303 - app.utils.logger - INFO - Громкость: 57%
2025-02-27 13:32:40,304 - app.utils.logger - INFO - Громкость: 58%
2025-02-27 13:32:40,306 - app.utils.logger - INFO - Громкость: 59%
2025-02-27 13:32:40,308 - app.utils.logger - INFO - Громкость: 60%
2025-02-27 13:32:40,309 - app.utils.logger - INFO - Громкость: 61%
2025-02-27 13:32:40,311 - app.utils.logger - INFO - Громкость: 62%
2025-02-27 13:32:40,312 - app.utils.logger - INFO - Громкость: 63%
2025-02-27 13:32:40,314 - app.utils.logger - INFO - Громкость: 64%
2025-02-27 13:32:40,316 - app.utils.logger - INFO - Громкость: 66%
2025-02-27 13:32:40,318 - app.utils.logger - INFO - Громкость: 67%
2025-02-27 13:32:40,320 - app.utils.logger - INFO - Громкость: 69%
2025-02-27 13:32:40,322 - app.utils.logger - INFO - Громкость: 70%
2025-02-27 13:32:40,324 - app.utils.logger - INFO - Громкость: 71%
2025-02-27 13:32:40,325 - app.utils.logger - INFO - Громкость: 72%
2025-02-27 13:32:40,326 - app.utils.logger - INFO - Громкость: 73%
2025-02-27 13:32:40,328 - app.utils.logger - INFO - Громкость: 75%
2025-02-27 13:32:40,330 - app.utils.logger - INFO - Громкость: 76%
2025-02-27 13:32:40,332 - app.utils.logger - INFO - Громкость: 77%
2025-02-27 13:32:40,333 - app.utils.logger - INFO - Громкость: 78%
2025-02-27 13:32:40,334 - app.utils.logger - INFO - Громкость: 79%
2025-02-27 13:32:40,335 - app.utils.logger - INFO - Громкость: 80%
2025-02-27 13:32:40,336 - app.utils.logger - INFO - Громкость: 81%
2025-02-27 13:32:40,339 - app.utils.logger - INFO - Громкость: 82%
2025-02-27 13:32:40,340 - app.utils.logger - INFO - Громкость: 84%
2025-02-27 13:32:40,341 - app.utils.logger - INFO - Громкость: 85%
2025-02-27 13:32:40,343 - app.utils.logger - INFO - Громкость: 86%
2025-02-27 13:32:40,344 - app.utils.logger - INFO - Громкость: 87%
2025-02-27 13:32:40,345 - app.utils.logger - INFO - Громкость: 88%
2025-02-27 13:32:40,346 - app.utils.logger - INFO - Громкость: 89%
2025-02-27 13:32:40,348 - app.utils.logger - INFO - Громкость: 90%
2025-02-27 13:32:40,349 - app.utils.logger - INFO - Громкость: 91%
2025-02-27 13:32:40,350 - app.utils.logger - INFO - Громкость: 92%
2025-02-27 13:32:40,351 - app.utils.logger - INFO - Громкость: 93%
2025-02-27 13:32:40,352 - app.utils.logger - INFO - Громкость: 94%
2025-02-27 13:32:40,354 - app.utils.logger - INFO - Громкость: 95%
2025-02-27 13:32:40,355 - app.utils.logger - INFO - Громкость: 96%
2025-02-27 13:32:40,357 - app.utils.logger - INFO - Громкость: 97%
2025-02-27 13:32:40,358 - app.utils.logger - INFO - Громкость: 98%
2025-02-27 13:32:40,359 - app.utils.logger - INFO - Громкость: 99%
2025-02-27 13:32:40,360 - app.utils.logger - INFO - Громкость: 100%
2025-02-27 13:32:41,854 - app.utils.logger - INFO - Громкость: 99%
2025-02-27 13:32:41,862 - app.utils.logger - INFO - Громкость: 98%
2025-02-27 13:32:41,865 - app.utils.logger - INFO - Громкость: 97%
2025-02-27 13:32:41,871 - app.utils.logger - INFO - Громкость: 96%
2025-02-27 13:32:41,876 - app.utils.logger - INFO - Громкость: 95%
2025-02-27 13:32:41,879 - app.utils.logger - INFO - Громкость: 94%
2025-02-27 13:32:41,882 - app.utils.logger - INFO - Громкость: 93%
2025-02-27 13:32:41,886 - app.utils.logger - INFO - Громкость: 92%
2025-02-27 13:32:41,888 - app.utils.logger - INFO - Громкость: 91%
2025-02-27 13:32:41,891 - app.utils.logger - INFO - Громкость: 90%
2025-02-27 13:32:41,893 - app.utils.logger - INFO - Громкость: 89%
2025-02-27 13:32:41,895 - app.utils.logger - INFO - Громкость: 88%
2025-02-27 13:32:41,898 - app.utils.logger - INFO - Громкость: 87%
2025-02-27 13:32:41,901 - app.utils.logger - INFO - Громкость: 86%
2025-02-27 13:32:41,902 - app.utils.logger - INFO - Громкость: 85%
2025-02-27 13:32:41,904 - app.utils.logger - INFO - Громкость: 84%
2025-02-27 13:32:41,907 - app.utils.logger - INFO - Громкость: 83%
2025-02-27 13:32:41,908 - app.utils.logger - INFO - Громкость: 82%
2025-02-27 13:32:41,910 - app.utils.logger - INFO - Громкость: 81%
2025-02-27 13:32:41,913 - app.utils.logger - INFO - Громкость: 80%
2025-02-27 13:32:41,914 - app.utils.logger - INFO - Громкость: 79%
2025-02-27 13:32:41,915 - app.utils.logger - INFO - Громкость: 78%
2025-02-27 13:32:41,918 - app.utils.logger - INFO - Громкость: 77%
2025-02-27 13:32:41,920 - app.utils.logger - INFO - Громкость: 76%
2025-02-27 13:32:41,922 - app.utils.logger - INFO - Громкость: 75%
2025-02-27 13:32:41,924 - app.utils.logger - INFO - Громкость: 74%
2025-02-27 13:32:41,925 - app.utils.logger - INFO - Громкость: 73%
2025-02-27 13:32:41,928 - app.utils.logger - INFO - Громкость: 72%
2025-02-27 13:32:41,930 - app.utils.logger - INFO - Громкость: 71%
2025-02-27 13:32:41,932 - app.utils.logger - INFO - Громкость: 70%
2025-02-27 13:32:41,934 - app.utils.logger - INFO - Громкость: 69%
2025-02-27 13:32:41,936 - app.utils.logger - INFO - Громкость: 68%
2025-02-27 13:32:41,938 - app.utils.logger - INFO - Громкость: 67%
2025-02-27 13:32:41,941 - app.utils.logger - INFO - Громкость: 66%
2025-02-27 13:32:41,944 - app.utils.logger - INFO - Громкость: 65%
2025-02-27 13:32:41,946 - app.utils.logger - INFO - Громкость: 64%
2025-02-27 13:32:41,949 - app.utils.logger - INFO - Громкость: 63%
2025-02-27 13:32:41,952 - app.utils.logger - INFO - Громкость: 62%
2025-02-27 13:32:41,954 - app.utils.logger - INFO - Громкость: 61%
2025-02-27 13:32:41,959 - app.utils.logger - INFO - Громкость: 60%
2025-02-27 13:32:41,967 - app.utils.logger - INFO - Громкость: 59%
2025-02-27 13:32:41,996 - app.utils.logger - INFO - Громкость: 60%
2025-02-27 13:32:42,001 - app.utils.logger - INFO - Громкость: 61%
2025-02-27 13:32:42,005 - app.utils.logger - INFO - Громкость: 62%
2025-02-27 13:32:42,006 - app.utils.logger - INFO - Громкость: 63%
2025-02-27 13:32:42,009 - app.utils.logger - INFO - Громкость: 64%
2025-02-27 13:32:42,013 - app.utils.logger - INFO - Громкость: 65%
2025-02-27 13:32:42,014 - app.utils.logger - INFO - Громкость: 66%
2025-02-27 13:32:42,016 - app.utils.logger - INFO - Громкость: 67%
2025-02-27 13:32:42,019 - app.utils.logger - INFO - Громкость: 68%
2025-02-27 13:32:42,021 - app.utils.logger - INFO - Громкость: 69%
2025-02-27 13:32:42,022 - app.utils.logger - INFO - Громкость: 70%
2025-02-27 13:32:42,024 - app.utils.logger - INFO - Громкость: 71%
2025-02-27 13:32:42,025 - app.utils.logger - INFO - Громкость: 72%
2025-02-27 13:32:42,027 - app.utils.logger - INFO - Громкость: 73%
2025-02-27 13:32:42,029 - app.utils.logger - INFO - Громкость: 74%
2025-02-27 13:32:42,030 - app.utils.logger - INFO - Громкость: 75%
2025-02-27 13:32:42,032 - app.utils.logger - INFO - Громкость: 76%
2025-02-27 13:32:42,034 - app.utils.logger - INFO - Громкость: 77%
2025-02-27 13:32:42,036 - app.utils.logger - INFO - Громкость: 78%
2025-02-27 13:32:42,037 - app.utils.logger - INFO - Громкость: 79%
2025-02-27 13:32:42,039 - app.utils.logger - INFO - Громкость: 81%
2025-02-27 13:32:42,042 - app.utils.logger - INFO - Громкость: 82%
2025-02-27 13:32:42,043 - app.utils.logger - INFO - Громкость: 83%
2025-02-27 13:32:42,044 - app.utils.logger - INFO - Громкость: 84%
2025-02-27 13:32:42,046 - app.utils.logger - INFO - Громкость: 85%
2025-02-27 13:32:42,047 - app.utils.logger - INFO - Громкость: 86%
2025-02-27 13:32:42,049 - app.utils.logger - INFO - Громкость: 87%
2025-02-27 13:32:42,051 - app.utils.logger - INFO - Громкость: 88%
2025-02-27 13:32:42,053 - app.utils.logger - INFO - Громкость: 89%
2025-02-27 13:32:42,054 - app.utils.logger - INFO - Громкость: 90%
2025-02-27 13:32:42,055 - app.utils.logger - INFO - Громкость: 91%
2025-02-27 13:32:42,057 - app.utils.logger - INFO - Громкость: 92%
2025-02-27 13:32:42,058 - app.utils.logger - INFO - Громкость: 93%
2025-02-27 13:32:42,060 - app.utils.logger - INFO - Громкость: 94%
2025-02-27 13:32:42,063 - app.utils.logger - INFO - Громкость: 95%
2025-02-27 13:32:42,065 - app.utils.logger - INFO - Громкость: 96%
2025-02-27 13:32:42,066 - app.utils.logger - INFO - Громкость: 97%
2025-02-27 13:32:42,069 - app.utils.logger - INFO - Громкость: 98%
2025-02-27 13:32:42,070 - app.utils.logger - INFO - Громкость: 99%
2025-02-27 13:32:42,072 - app.utils.logger - INFO - Громкость: 100%
2025-02-27 13:32:42,136 - app.utils.logger - INFO - Громкость: 99%
2025-02-27 13:32:42,139 - app.utils.logger - INFO - Громкость: 98%
2025-02-27 13:32:42,140 - app.utils.logger - INFO - Громкость: 97%
2025-02-27 13:32:42,142 - app.utils.logger - INFO - Громкость: 96%
2025-02-27 13:32:42,144 - app.utils.logger - INFO - Громкость: 95%
2025-02-27 13:32:42,146 - app.utils.logger - INFO - Громкость: 94%
2025-02-27 13:32:42,148 - app.utils.logger - INFO - Громкость: 93%
2025-02-27 13:32:42,150 - app.utils.logger - INFO - Громкость: 92%
2025-02-27 13:32:42,152 - app.utils.logger - INFO - Громкость: 91%
2025-02-27 13:32:42,153 - app.utils.logger - INFO - Громкость: 90%
2025-02-27 13:32:42,155 - app.utils.logger - INFO - Громкость: 89%
2025-02-27 13:32:42,157 - app.utils.logger - INFO - Громкость: 88%
2025-02-27 13:32:42,158 - app.utils.logger - INFO - Громкость: 87%
2025-02-27 13:32:42,160 - app.utils.logger - INFO - Громкость: 86%
2025-02-27 13:32:42,161 - app.utils.logger - INFO - Громкость: 85%
2025-02-27 13:32:42,164 - app.utils.logger - INFO - Громкость: 84%
2025-02-27 13:32:42,166 - app.utils.logger - INFO - Громкость: 83%
2025-02-27 13:32:42,167 - app.utils.logger - INFO - Громкость: 82%
2025-02-27 13:32:42,170 - app.utils.logger - INFO - Громкость: 81%
2025-02-27 13:32:42,171 - app.utils.logger - INFO - Громкость: 80%
2025-02-27 13:32:42,172 - app.utils.logger - INFO - Громкость: 79%
2025-02-27 13:32:42,174 - app.utils.logger - INFO - Громкость: 78%
2025-02-27 13:32:42,176 - app.utils.logger - INFO - Громкость: 77%
2025-02-27 13:32:42,178 - app.utils.logger - INFO - Громкость: 76%
2025-02-27 13:32:42,181 - app.utils.logger - INFO - Громкость: 75%
2025-02-27 13:32:42,183 - app.utils.logger - INFO - Громкость: 74%
2025-02-27 13:32:42,185 - app.utils.logger - INFO - Громкость: 73%
2025-02-27 13:32:42,188 - app.utils.logger - INFO - Громкость: 72%
2025-02-27 13:32:42,190 - app.utils.logger - INFO - Громкость: 71%
2025-02-27 13:32:42,193 - app.utils.logger - INFO - Громкость: 70%
2025-02-27 13:32:42,196 - app.utils.logger - INFO - Громкость: 69%
2025-02-27 13:32:42,200 - app.utils.logger - INFO - Громкость: 68%
2025-02-27 13:32:42,203 - app.utils.logger - INFO - Громкость: 67%
2025-02-27 13:32:42,245 - app.utils.logger - INFO - Громкость: 68%
2025-02-27 13:32:42,248 - app.utils.logger - INFO - Громкость: 69%
2025-02-27 13:32:42,252 - app.utils.logger - INFO - Громкость: 70%
2025-02-27 13:32:42,255 - app.utils.logger - INFO - Громкость: 71%
2025-02-27 13:32:42,257 - app.utils.logger - INFO - Громкость: 72%
2025-02-27 13:32:42,259 - app.utils.logger - INFO - Громкость: 73%
2025-02-27 13:32:42,262 - app.utils.logger - INFO - Громкость: 74%
2025-02-27 13:32:42,265 - app.utils.logger - INFO - Громкость: 75%
2025-02-27 13:32:42,267 - app.utils.logger - INFO - Громкость: 76%
2025-02-27 13:32:42,269 - app.utils.logger - INFO - Громкость: 77%
2025-02-27 13:32:42,271 - app.utils.logger - INFO - Громкость: 78%
2025-02-27 13:32:42,273 - app.utils.logger - INFO - Громкость: 79%
2025-02-27 13:32:42,276 - app.utils.logger - INFO - Громкость: 81%
2025-02-27 13:32:42,278 - app.utils.logger - INFO - Громкость: 82%
2025-02-27 13:32:42,281 - app.utils.logger - INFO - Громкость: 83%
2025-02-27 13:32:42,282 - app.utils.logger - INFO - Громкость: 84%
2025-02-27 13:32:42,284 - app.utils.logger - INFO - Громкость: 85%
2025-02-27 13:32:42,286 - app.utils.logger - INFO - Громкость: 86%
2025-02-27 13:32:42,288 - app.utils.logger - INFO - Громкость: 87%
2025-02-27 13:32:42,289 - app.utils.logger - INFO - Громкость: 88%
2025-02-27 13:32:42,292 - app.utils.logger - INFO - Громкость: 89%
2025-02-27 13:32:42,293 - app.utils.logger - INFO - Громкость: 90%
2025-02-27 13:32:42,294 - app.utils.logger - INFO - Громкость: 91%
2025-02-27 13:32:42,297 - app.utils.logger - INFO - Громкость: 92%
2025-02-27 13:32:42,298 - app.utils.logger - INFO - Громкость: 93%
2025-02-27 13:32:42,301 - app.utils.logger - INFO - Громкость: 94%
2025-02-27 13:32:42,303 - app.utils.logger - INFO - Громкость: 95%
2025-02-27 13:32:42,305 - app.utils.logger - INFO - Громкость: 96%
2025-02-27 13:32:42,309 - app.utils.logger - INFO - Громкость: 97%
2025-02-27 13:32:42,312 - app.utils.logger - INFO - Громкость: 98%
2025-02-27 13:32:42,314 - app.utils.logger - INFO - Громкость: 99%
2025-02-27 13:32:42,320 - app.utils.logger - INFO - Громкость: 100%
2025-02-27 13:32:42,352 - app.utils.logger - INFO - Громкость: 99%
2025-02-27 13:32:42,356 - app.utils.logger - INFO - Громкость: 98%
2025-02-27 13:32:42,357 - app.utils.logger - INFO - Громкость: 97%
2025-02-27 13:32:42,360 - app.utils.logger - INFO - Громкость: 96%
2025-02-27 13:32:42,363 - app.utils.logger - INFO - Громкость: 95%
2025-02-27 13:32:42,365 - app.utils.logger - INFO - Громкость: 94%
2025-02-27 13:32:42,368 - app.utils.logger - INFO - Громкость: 93%
2025-02-27 13:32:42,370 - app.utils.logger - INFO - Громкость: 92%
2025-02-27 13:32:42,371 - app.utils.logger - INFO - Громкость: 91%
2025-02-27 13:32:42,374 - app.utils.logger - INFO - Громкость: 90%
2025-02-27 13:32:42,375 - app.utils.logger - INFO - Громкость: 89%
2025-02-27 13:32:42,377 - app.utils.logger - INFO - Громкость: 88%
2025-02-27 13:32:42,378 - app.utils.logger - INFO - Громкость: 87%
2025-02-27 13:32:42,380 - app.utils.logger - INFO - Громкость: 86%
2025-02-27 13:32:42,381 - app.utils.logger - INFO - Громкость: 85%
2025-02-27 13:32:42,383 - app.utils.logger - INFO - Громкость: 84%
2025-02-27 13:32:42,385 - app.utils.logger - INFO - Громкость: 83%
2025-02-27 13:32:42,387 - app.utils.logger - INFO - Громкость: 82%
2025-02-27 13:32:42,388 - app.utils.logger - INFO - Громкость: 81%
2025-02-27 13:32:42,390 - app.utils.logger - INFO - Громкость: 80%
2025-02-27 13:32:42,391 - app.utils.logger - INFO - Громкость: 79%
2025-02-27 13:32:42,392 - app.utils.logger - INFO - Громкость: 78%
2025-02-27 13:32:42,394 - app.utils.logger - INFO - Громкость: 77%
2025-02-27 13:32:42,395 - app.utils.logger - INFO - Громкость: 76%
2025-02-27 13:32:42,397 - app.utils.logger - INFO - Громкость: 75%
2025-02-27 13:32:42,399 - app.utils.logger - INFO - Громкость: 74%
2025-02-27 13:32:42,400 - app.utils.logger - INFO - Громкость: 73%
2025-02-27 13:32:42,402 - app.utils.logger - INFO - Громкость: 72%
2025-02-27 13:32:42,403 - app.utils.logger - INFO - Громкость: 71%
2025-02-27 13:32:42,404 - app.utils.logger - INFO - Громкость: 70%
2025-02-27 13:32:42,406 - app.utils.logger - INFO - Громкость: 69%
2025-02-27 13:32:42,408 - app.utils.logger - INFO - Громкость: 68%
2025-02-27 13:32:42,409 - app.utils.logger - INFO - Громкость: 67%
2025-02-27 13:32:42,412 - app.utils.logger - INFO - Громкость: 66%
2025-02-27 13:32:42,414 - app.utils.logger - INFO - Громкость: 65%
2025-02-27 13:32:42,415 - app.utils.logger - INFO - Громкость: 64%
2025-02-27 13:32:42,417 - app.utils.logger - INFO - Громкость: 63%
2025-02-27 13:32:42,420 - app.utils.logger - INFO - Громкость: 62%
2025-02-27 13:32:42,422 - app.utils.logger - INFO - Громкость: 61%
2025-02-27 13:32:42,424 - app.utils.logger - INFO - Громкость: 60%
2025-02-27 13:32:42,427 - app.utils.logger - INFO - Громкость: 59%
2025-02-27 13:32:42,431 - app.utils.logger - INFO - Громкость: 58%
2025-02-27 13:32:42,436 - app.utils.logger - INFO - Громкость: 57%
2025-02-27 13:32:42,443 - app.utils.logger - INFO - Громкость: 56%
2025-02-27 13:32:42,469 - app.utils.logger - INFO - Громкость: 57%
2025-02-27 13:32:42,475 - app.utils.logger - INFO - Громкость: 58%
2025-02-27 13:32:42,479 - app.utils.logger - INFO - Громкость: 59%
2025-02-27 13:32:42,481 - app.utils.logger - INFO - Громкость: 60%
2025-02-27 13:32:42,485 - app.utils.logger - INFO - Громкость: 61%
2025-02-27 13:32:42,488 - app.utils.logger - INFO - Громкость: 62%
2025-02-27 13:32:42,489 - app.utils.logger - INFO - Громкость: 63%
2025-02-27 13:32:42,491 - app.utils.logger - INFO - Громкость: 64%
2025-02-27 13:32:42,493 - app.utils.logger - INFO - Громкость: 65%
2025-02-27 13:32:42,495 - app.utils.logger - INFO - Громкость: 66%
2025-02-27 13:32:42,497 - app.utils.logger - INFO - Громкость: 67%
2025-02-27 13:32:42,500 - app.utils.logger - INFO - Громкость: 68%
2025-02-27 13:32:42,501 - app.utils.logger - INFO - Громкость: 69%
2025-02-27 13:32:42,503 - app.utils.logger - INFO - Громкость: 70%
2025-02-27 13:32:42,505 - app.utils.logger - INFO - Громкость: 71%
2025-02-27 13:32:42,506 - app.utils.logger - INFO - Громкость: 72%
2025-02-27 13:32:42,508 - app.utils.logger - INFO - Громкость: 73%
2025-02-27 13:32:42,510 - app.utils.logger - INFO - Громкость: 74%
2025-02-27 13:32:42,512 - app.utils.logger - INFO - Громкость: 75%
2025-02-27 13:32:42,513 - app.utils.logger - INFO - Громкость: 76%
2025-02-27 13:32:42,516 - app.utils.logger - INFO - Громкость: 77%
2025-02-27 13:32:42,517 - app.utils.logger - INFO - Громкость: 78%
2025-02-27 13:32:42,519 - app.utils.logger - INFO - Громкость: 79%
2025-02-27 13:32:42,522 - app.utils.logger - INFO - Громкость: 80%
2025-02-27 13:32:42,522 - app.utils.logger - INFO - Громкость: 81%
2025-02-27 13:32:42,523 - app.utils.logger - INFO - Громкость: 82%
2025-02-27 13:32:42,525 - app.utils.logger - INFO - Громкость: 83%
2025-02-27 13:32:42,527 - app.utils.logger - INFO - Громкость: 84%
2025-02-27 13:32:42,529 - app.utils.logger - INFO - Громкость: 85%
2025-02-27 13:32:42,531 - app.utils.logger - INFO - Громкость: 86%
2025-02-27 13:32:42,532 - app.utils.logger - INFO - Громкость: 87%
2025-02-27 13:32:42,533 - app.utils.logger - INFO - Громкость: 88%
2025-02-27 13:32:42,535 - app.utils.logger - INFO - Громкость: 89%
2025-02-27 13:32:42,536 - app.utils.logger - INFO - Громкость: 90%
2025-02-27 13:32:42,538 - app.utils.logger - INFO - Громкость: 91%
2025-02-27 13:32:42,539 - app.utils.logger - INFO - Громкость: 92%
2025-02-27 13:32:42,540 - app.utils.logger - INFO - Громкость: 93%
2025-02-27 13:32:42,541 - app.utils.logger - INFO - Громкость: 94%
2025-02-27 13:32:42,543 - app.utils.logger - INFO - Громкость: 95%
2025-02-27 13:32:42,544 - app.utils.logger - INFO - Громкость: 96%
2025-02-27 13:32:42,546 - app.utils.logger - INFO - Громкость: 97%
2025-02-27 13:32:42,548 - app.utils.logger - INFO - Громкость: 98%
2025-02-27 13:32:42,549 - app.utils.logger - INFO - Громкость: 99%
2025-02-27 13:32:42,550 - app.utils.logger - INFO - Громкость: 100%
2025-02-27 13:34:31,517 - app.utils.logger - INFO - Аудиоконтроллер инициализирован
2025-02-27 13:34:31,607 - app.utils.logger - INFO - Горячие клавиши зарегистрированы
2025-02-27 13:34:31,619 - app.utils.logger - INFO - Трей-иконка инициализирована
2025-02-27 13:34:31,626 - app.utils.logger - INFO - Приложение запущено
2025-02-27 13:34:37,189 - app.utils.logger - INFO - Громкость: 100%
2025-02-27 13:34:37,390 - app.utils.logger - INFO - Громкость: 100%
2025-02-27 13:34:37,584 - app.utils.logger - INFO - Громкость: 100%
2025-02-27 13:34:42,984 - app.utils.logger - INFO - Громкость: 100%
2025-02-27 13:34:43,154 - app.utils.logger - INFO - Громкость: 100%
2025-02-27 13:34:43,327 - app.utils.logger - INFO - Громкость: 100%
2025-02-27 13:34:47,208 - app.utils.logger - INFO - Громкость: 100%
2025-02-27 13:34:47,368 - app.utils.logger - INFO - Громкость: 100%
2025-02-27 13:34:47,532 - app.utils.logger - INFO - Громкость: 100%
2025-02-27 13:34:55,839 - app.utils.logger - INFO - Громкость: 100%
2025-02-27 13:34:56,001 - app.utils.logger - INFO - Громкость: 100%
2025-02-27 13:34:56,165 - app.utils.logger - INFO - Громкость: 100%
2025-02-27 13:34:56,338 - app.utils.logger - INFO - Громкость: 100%
2025-02-27 13:34:56,502 - app.utils.logger - INFO - Громкость: 100%
2025-02-27 13:34:58,952 - app.utils.logger - INFO - Окно настроек инициализировано
2025-02-27 13:34:59,036 - app.utils.logger - INFO - Окно настроек отображено
2025-02-27 13:35:01,414 - app.utils.logger - INFO - Громкость: 99%
2025-02-27 13:35:01,581 - app.utils.logger - INFO - Громкость: 98%
2025-02-27 13:35:01,748 - app.utils.logger - INFO - Громкость: 97%
2025-02-27 13:35:01,916 - app.utils.logger - INFO - Громкость: 96%
2025-02-27 13:35:02,112 - app.utils.logger - INFO - Громкость: 100%
2025-02-27 13:35:02,113 - app.utils.logger - INFO - Громкость: 97%
2025-02-27 13:35:02,267 - app.utils.logger - INFO - Громкость: 100%
2025-02-27 13:35:02,268 - app.utils.logger - INFO - Громкость: 98%
2025-02-27 13:35:02,430 - app.utils.logger - INFO - Громкость: 100%
2025-02-27 13:35:02,430 - app.utils.logger - INFO - Громкость: 99%
2025-02-27 13:35:02,599 - app.utils.logger - INFO - Громкость: 100%
2025-02-27 13:35:02,599 - app.utils.logger - INFO - Громкость: 100%
2025-02-27 13:35:02,906 - app.utils.logger - INFO - Громкость: 99%
2025-02-27 13:35:03,072 - app.utils.logger - INFO - Громкость: 98%
2025-02-27 13:35:03,234 - app.utils.logger - INFO - Громкость: 97%
2025-02-27 13:35:03,399 - app.utils.logger - INFO - Громкость: 96%
2025-02-27 13:35:03,567 - app.utils.logger - INFO - Громкость: 97%
2025-02-27 13:35:03,732 - app.utils.logger - INFO - Громкость: 98%
2025-02-27 13:35:03,888 - app.utils.logger - INFO - Громкость: 99%
2025-02-27 13:35:04,053 - app.utils.logger - INFO - Громкость: 100%
2025-02-27 13:35:06,233 - app.utils.logger - INFO - Громкость: 100%
2025-02-27 13:35:06,391 - app.utils.logger - INFO - Громкость: 100%
2025-02-27 13:35:06,559 - app.utils.logger - INFO - Громкость: 100%
2025-02-27 13:35:08,284 - app.utils.logger - INFO - Громкость: 99%
2025-02-27 13:35:08,444 - app.utils.logger - INFO - Громкость: 98%
2025-02-27 13:35:08,629 - app.utils.logger - INFO - Громкость: 97%
2025-02-27 13:35:08,793 - app.utils.logger - INFO - Громкость: 100%
2025-02-27 13:35:08,793 - app.utils.logger - INFO - Громкость: 98%
2025-02-27 13:35:08,955 - app.utils.logger - INFO - Громкость: 100%
2025-02-27 13:35:08,955 - app.utils.logger - INFO - Громкость: 99%
2025-02-27 13:35:09,120 - app.utils.logger - INFO - Громкость: 100%
2025-02-27 13:35:09,120 - app.utils.logger - INFO - Громкость: 100%
2025-02-27 13:35:09,517 - app.utils.logger - INFO - Громкость: 99%
2025-02-27 13:35:09,681 - app.utils.logger - INFO - Громкость: 98%
2025-02-27 13:35:09,831 - app.utils.logger - INFO - Громкость: 97%
2025-02-27 13:35:10,013 - app.utils.logger - INFO - Громкость: 98%
2025-02-27 13:35:10,179 - app.utils.logger - INFO - Громкость: 99%
2025-02-27 13:35:10,351 - app.utils.logger - INFO - Громкость: 100%
2025-02-27 13:35:10,642 - app.utils.logger - INFO - Громкость: 99%
2025-02-27 13:35:10,824 - app.utils.logger - INFO - Громкость: 98%
2025-02-27 13:35:10,982 - app.utils.logger - INFO - Громкость: 97%
2025-02-27 13:35:11,150 - app.utils.logger - INFO - Громкость: 98%
2025-02-27 13:35:11,326 - app.utils.logger - INFO - Громкость: 99%
2025-02-27 13:35:11,499 - app.utils.logger - INFO - Громкость: 100%
2025-02-27 13:35:12,358 - app.utils.logger - INFO - Громкость: 99%
2025-02-27 13:35:12,526 - app.utils.logger - INFO - Громкость: 98%
2025-02-27 13:35:12,725 - app.utils.logger - INFO - Громкость: 100%
2025-02-27 13:35:12,726 - app.utils.logger - INFO - Громкость: 99%
2025-02-27 13:35:12,890 - app.utils.logger - INFO - Громкость: 100%
2025-02-27 13:35:12,890 - app.utils.logger - INFO - Громкость: 100%
2025-02-27 13:35:13,073 - app.utils.logger - INFO - Громкость: 100%
2025-02-27 13:55:28,432 - app.utils.logger - INFO - Аудиоконтроллер инициализирован
2025-02-27 13:55:28,522 - app.utils.logger - INFO - Горячие клавиши зарегистрированы
2025-02-27 13:55:28,533 - app.utils.logger - INFO - Трей-иконка инициализирована
2025-02-27 13:55:28,541 - app.utils.logger - INFO - Приложение запущено
2025-02-27 13:55:38,998 - app.utils.logger - INFO - Громкость: 90%
2025-02-27 13:55:39,151 - app.utils.logger - INFO - Громкость: 80%
2025-02-27 13:55:39,309 - app.utils.logger - INFO - Громкость: 70%
2025-02-27 13:55:39,453 - app.utils.logger - INFO - Громкость: 60%
2025-02-27 13:55:39,594 - app.utils.logger - INFO - Громкость: 50%
2025-02-27 13:55:39,744 - app.utils.logger - INFO - Громкость: 40%
2025-02-27 13:55:39,889 - app.utils.logger - INFO - Громкость: 30%
2025-02-27 13:55:40,047 - app.utils.logger - INFO - Громкость: 20%
2025-02-27 13:55:40,208 - app.utils.logger - INFO - Громкость: 10%
2025-02-27 13:55:40,353 - app.utils.logger - INFO - Громкость: 0%
2025-02-27 13:55:40,515 - app.utils.logger - INFO - Громкость: 0%
2025-02-27 13:55:40,738 - app.utils.logger - INFO - Громкость: 10%
2025-02-27 13:55:40,886 - app.utils.logger - INFO - Громкость: 20%
2025-02-27 13:55:41,028 - app.utils.logger - INFO - Громкость: 30%
2025-02-27 13:55:41,164 - app.utils.logger - INFO - Громкость: 40%
2025-02-27 13:55:41,301 - app.utils.logger - INFO - Громкость: 50%
2025-02-27 13:55:41,442 - app.utils.logger - INFO - Громкость: 60%
2025-02-27 13:55:41,566 - app.utils.logger - INFO - Громкость: 70%
2025-02-27 13:55:41,701 - app.utils.logger - INFO - Громкость: 80%
2025-02-27 13:55:41,838 - app.utils.logger - INFO - Громкость: 90%
2025-02-27 13:55:41,977 - app.utils.logger - INFO - Громкость: 100%
2025-02-27 13:55:42,119 - app.utils.logger - INFO - Громкость: 100%
2025-02-27 13:55:42,264 - app.utils.logger - INFO - Громкость: 100%
2025-02-27 13:55:42,405 - app.utils.logger - INFO - Громкость: 100%
2025-02-27 13:55:42,556 - app.utils.logger - INFO - Громкость: 100%
2025-02-27 13:56:41,444 - app.utils.logger - INFO - Окно настроек инициализировано
2025-02-27 13:56:41,532 - app.utils.logger - INFO - Окно настроек отображено
2025-02-27 13:56:42,695 - app.utils.logger - INFO - Громкость: 99%
2025-02-27 13:56:42,704 - app.utils.logger - INFO - Громкость: 98%
2025-02-27 13:56:42,708 - app.utils.logger - INFO - Громкость: 97%
2025-02-27 13:56:42,713 - app.utils.logger - INFO - Громкость: 96%
2025-02-27 13:56:42,717 - app.utils.logger - INFO - Громкость: 95%
2025-02-27 13:56:42,719 - app.utils.logger - INFO - Громкость: 94%
2025-02-27 13:56:42,722 - app.utils.logger - INFO - Громкость: 93%
2025-02-27 13:56:42,727 - app.utils.logger - INFO - Громкость: 92%
2025-02-27 13:56:42,729 - app.utils.logger - INFO - Громкость: 91%
2025-02-27 13:56:42,731 - app.utils.logger - INFO - Громкость: 90%
2025-02-27 13:56:42,733 - app.utils.logger - INFO - Громкость: 89%
2025-02-27 13:56:42,736 - app.utils.logger - INFO - Громкость: 88%
2025-02-27 13:56:42,738 - app.utils.logger - INFO - Громкость: 87%
2025-02-27 13:56:42,741 - app.utils.logger - INFO - Громкость: 86%
2025-02-27 13:56:42,743 - app.utils.logger - INFO - Громкость: 85%
2025-02-27 13:56:42,745 - app.utils.logger - INFO - Громкость: 84%
2025-02-27 13:56:42,748 - app.utils.logger - INFO - Громкость: 83%
2025-02-27 13:56:42,749 - app.utils.logger - INFO - Громкость: 82%
2025-02-27 13:56:42,751 - app.utils.logger - INFO - Громкость: 81%
2025-02-27 13:56:42,753 - app.utils.logger - INFO - Громкость: 80%
2025-02-27 13:56:42,754 - app.utils.logger - INFO - Громкость: 79%
2025-02-27 13:56:42,756 - app.utils.logger - INFO - Громкость: 78%
2025-02-27 13:56:42,758 - app.utils.logger - INFO - Громкость: 77%
2025-02-27 13:56:42,760 - app.utils.logger - INFO - Громкость: 76%
2025-02-27 13:56:42,763 - app.utils.logger - INFO - Громкость: 75%
2025-02-27 13:56:42,764 - app.utils.logger - INFO - Громкость: 74%
2025-02-27 13:56:42,766 - app.utils.logger - INFO - Громкость: 73%
2025-02-27 13:56:42,767 - app.utils.logger - INFO - Громкость: 72%
2025-02-27 13:56:42,770 - app.utils.logger - INFO - Громкость: 71%
2025-02-27 13:56:42,771 - app.utils.logger - INFO - Громкость: 70%
2025-02-27 13:56:42,773 - app.utils.logger - INFO - Громкость: 69%
2025-02-27 13:56:42,775 - app.utils.logger - INFO - Громкость: 68%
2025-02-27 13:56:42,777 - app.utils.logger - INFO - Громкость: 67%
2025-02-27 13:56:42,780 - app.utils.logger - INFO - Громкость: 66%
2025-02-27 13:56:42,781 - app.utils.logger - INFO - Громкость: 65%
2025-02-27 13:56:42,782 - app.utils.logger - INFO - Громкость: 64%
2025-02-27 13:56:42,785 - app.utils.logger - INFO - Громкость: 63%
2025-02-27 13:56:42,788 - app.utils.logger - INFO - Громкость: 62%
2025-02-27 13:56:42,790 - app.utils.logger - INFO - Громкость: 61%
2025-02-27 13:56:42,791 - app.utils.logger - INFO - Громкость: 60%
2025-02-27 13:56:42,794 - app.utils.logger - INFO - Громкость: 59%
2025-02-27 13:56:42,795 - app.utils.logger - INFO - Громкость: 58%
2025-02-27 13:56:42,797 - app.utils.logger - INFO - Громкость: 57%
2025-02-27 13:56:42,800 - app.utils.logger - INFO - Громкость: 56%
2025-02-27 13:56:42,802 - app.utils.logger - INFO - Громкость: 55%
2025-02-27 13:56:42,804 - app.utils.logger - INFO - Громкость: 54%
2025-02-27 13:56:42,806 - app.utils.logger - INFO - Громкость: 53%
2025-02-27 13:56:42,808 - app.utils.logger - INFO - Громкость: 52%
2025-02-27 13:56:42,812 - app.utils.logger - INFO - Громкость: 51%
2025-02-27 13:56:42,813 - app.utils.logger - INFO - Громкость: 50%
2025-02-27 13:56:42,815 - app.utils.logger - INFO - Громкость: 49%
2025-02-27 13:56:42,817 - app.utils.logger - INFO - Громкость: 48%
2025-02-27 13:56:42,819 - app.utils.logger - INFO - Громкость: 47%
2025-02-27 13:56:42,821 - app.utils.logger - INFO - Громкость: 46%
2025-02-27 13:56:42,823 - app.utils.logger - INFO - Громкость: 45%
2025-02-27 13:56:42,827 - app.utils.logger - INFO - Громкость: 44%
2025-02-27 13:56:42,829 - app.utils.logger - INFO - Громкость: 43%
2025-02-27 13:56:42,830 - app.utils.logger - INFO - Громкость: 42%
2025-02-27 13:56:42,833 - app.utils.logger - INFO - Громкость: 41%
2025-02-27 13:56:42,835 - app.utils.logger - INFO - Громкость: 40%
2025-02-27 13:56:42,836 - app.utils.logger - INFO - Громкость: 39%
2025-02-27 13:56:42,839 - app.utils.logger - INFO - Громкость: 38%
2025-02-27 13:56:42,841 - app.utils.logger - INFO - Громкость: 37%
2025-02-27 13:56:42,844 - app.utils.logger - INFO - Громкость: 36%
2025-02-27 13:56:42,847 - app.utils.logger - INFO - Громкость: 35%
2025-02-27 13:56:42,848 - app.utils.logger - INFO - Громкость: 34%
2025-02-27 13:56:42,850 - app.utils.logger - INFO - Громкость: 33%
2025-02-27 13:56:42,853 - app.utils.logger - INFO - Громкость: 32%
2025-02-27 13:56:42,855 - app.utils.logger - INFO - Громкость: 31%
2025-02-27 13:56:42,856 - app.utils.logger - INFO - Громкость: 30%
2025-02-27 13:56:42,858 - app.utils.logger - INFO - Громкость: 29%
2025-02-27 13:56:42,861 - app.utils.logger - INFO - Громкость: 28%
2025-02-27 13:56:42,863 - app.utils.logger - INFO - Громкость: 27%
2025-02-27 13:56:42,865 - app.utils.logger - INFO - Громкость: 26%
2025-02-27 13:56:42,868 - app.utils.logger - INFO - Громкость: 25%
2025-02-27 13:56:42,870 - app.utils.logger - INFO - Громкость: 24%
2025-02-27 13:56:42,873 - app.utils.logger - INFO - Громкость: 23%
2025-02-27 13:56:42,875 - app.utils.logger - INFO - Громкость: 22%
2025-02-27 13:56:42,879 - app.utils.logger - INFO - Громкость: 21%
2025-02-27 13:56:42,882 - app.utils.logger - INFO - Громкость: 20%
2025-02-27 13:56:42,884 - app.utils.logger - INFO - Громкость: 19%
2025-02-27 13:56:42,888 - app.utils.logger - INFO - Громкость: 18%
2025-02-27 13:56:42,892 - app.utils.logger - INFO - Громкость: 17%
2025-02-27 13:56:42,896 - app.utils.logger - INFO - Громкость: 16%
2025-02-27 13:56:42,900 - app.utils.logger - INFO - Громкость: 15%
2025-02-27 13:56:42,904 - app.utils.logger - INFO - Громкость: 14%
2025-02-27 13:56:42,907 - app.utils.logger - INFO - Громкость: 13%
2025-02-27 13:56:42,911 - app.utils.logger - INFO - Громкость: 12%
2025-02-27 13:56:42,917 - app.utils.logger - INFO - Громкость: 11%
2025-02-27 13:56:42,923 - app.utils.logger - INFO - Громкость: 10%
2025-02-27 13:56:43,132 - app.utils.logger - INFO - Громкость: 11%
2025-02-27 13:56:43,139 - app.utils.logger - INFO - Громкость: 12%
2025-02-27 13:56:43,150 - app.utils.logger - INFO - Громкость: 13%
2025-02-27 13:56:43,158 - app.utils.logger - INFO - Громкость: 14%
2025-02-27 13:56:43,164 - app.utils.logger - INFO - Громкость: 15%
2025-02-27 13:56:43,172 - app.utils.logger - INFO - Громкость: 16%
2025-02-27 13:56:43,182 - app.utils.logger - INFO - Громкость: 17%
2025-02-27 13:56:43,189 - app.utils.logger - INFO - Громкость: 18%
2025-02-27 13:56:43,201 - app.utils.logger - INFO - Громкость: 19%
2025-02-27 13:56:43,213 - app.utils.logger - INFO - Громкость: 20%
2025-02-27 13:56:43,219 - app.utils.logger - INFO - Громкость: 21%
2025-02-27 13:56:43,227 - app.utils.logger - INFO - Громкость: 22%
2025-02-27 13:56:43,232 - app.utils.logger - INFO - Громкость: 23%
2025-02-27 13:56:43,236 - app.utils.logger - INFO - Громкость: 24%
2025-02-27 13:56:43,242 - app.utils.logger - INFO - Громкость: 25%
2025-02-27 13:56:43,248 - app.utils.logger - INFO - Громкость: 26%
2025-02-27 13:56:43,252 - app.utils.logger - INFO - Громкость: 27%
2025-02-27 13:56:43,260 - app.utils.logger - INFO - Громкость: 28%
2025-02-27 13:56:43,264 - app.utils.logger - INFO - Громкость: 29%
2025-02-27 13:56:43,268 - app.utils.logger - INFO - Громкость: 30%
2025-02-27 13:56:43,274 - app.utils.logger - INFO - Громкость: 31%
2025-02-27 13:56:43,281 - app.utils.logger - INFO - Громкость: 32%
2025-02-27 13:56:43,283 - app.utils.logger - INFO - Громкость: 33%
2025-02-27 13:56:43,289 - app.utils.logger - INFO - Громкость: 34%
2025-02-27 13:56:43,297 - app.utils.logger - INFO - Громкость: 35%
2025-02-27 13:56:43,302 - app.utils.logger - INFO - Громкость: 36%
2025-02-27 13:56:43,310 - app.utils.logger - INFO - Громкость: 37%
2025-02-27 13:56:43,318 - app.utils.logger - INFO - Громкость: 38%
2025-02-27 13:56:43,323 - app.utils.logger - INFO - Громкость: 39%
2025-02-27 13:56:43,331 - app.utils.logger - INFO - Громкость: 40%
2025-02-27 13:56:43,338 - app.utils.logger - INFO - Громкость: 41%
2025-02-27 13:56:43,341 - app.utils.logger - INFO - Громкость: 42%
2025-02-27 13:56:43,349 - app.utils.logger - INFO - Громкость: 43%
2025-02-27 13:56:43,358 - app.utils.logger - INFO - Громкость: 44%
2025-02-27 13:56:43,364 - app.utils.logger - INFO - Громкость: 45%
2025-02-27 13:56:43,371 - app.utils.logger - INFO - Громкость: 46%
2025-02-27 13:56:43,380 - app.utils.logger - INFO - Громкость: 47%
2025-02-27 13:56:43,383 - app.utils.logger - INFO - Громкость: 48%
2025-02-27 13:56:43,389 - app.utils.logger - INFO - Громкость: 49%
2025-02-27 13:56:43,396 - app.utils.logger - INFO - Громкость: 50%
2025-02-27 13:56:43,398 - app.utils.logger - INFO - Громкость: 51%
2025-02-27 13:56:43,403 - app.utils.logger - INFO - Громкость: 52%
2025-02-27 13:56:43,408 - app.utils.logger - INFO - Громкость: 53%
2025-02-27 13:56:43,412 - app.utils.logger - INFO - Громкость: 54%
2025-02-27 13:56:43,417 - app.utils.logger - INFO - Громкость: 55%
2025-02-27 13:56:43,422 - app.utils.logger - INFO - Громкость: 56%
2025-02-27 13:56:43,427 - app.utils.logger - INFO - Громкость: 57%
2025-02-27 13:56:43,432 - app.utils.logger - INFO - Громкость: 58%
2025-02-27 13:56:43,437 - app.utils.logger - INFO - Громкость: 59%
2025-02-27 13:56:43,440 - app.utils.logger - INFO - Громкость: 60%
2025-02-27 13:56:43,445 - app.utils.logger - INFO - Громкость: 61%
2025-02-27 13:56:43,450 - app.utils.logger - INFO - Громкость: 62%
2025-02-27 13:56:43,454 - app.utils.logger - INFO - Громкость: 63%
2025-02-27 13:56:43,460 - app.utils.logger - INFO - Громкость: 64%
2025-02-27 13:56:43,463 - app.utils.logger - INFO - Громкость: 65%
2025-02-27 13:56:43,467 - app.utils.logger - INFO - Громкость: 66%
2025-02-27 13:56:43,471 - app.utils.logger - INFO - Громкость: 67%
2025-02-27 13:56:43,475 - app.utils.logger - INFO - Громкость: 68%
2025-02-27 13:56:43,478 - app.utils.logger - INFO - Громкость: 69%
2025-02-27 13:56:43,480 - app.utils.logger - INFO - Громкость: 70%
2025-02-27 13:56:43,484 - app.utils.logger - INFO - Громкость: 71%
2025-02-27 13:56:43,487 - app.utils.logger - INFO - Громкость: 72%
2025-02-27 13:56:43,489 - app.utils.logger - INFO - Громкость: 73%
2025-02-27 13:56:43,494 - app.utils.logger - INFO - Громкость: 74%
2025-02-27 13:56:43,496 - app.utils.logger - INFO - Громкость: 75%
2025-02-27 13:56:43,498 - app.utils.logger - INFO - Громкость: 76%
2025-02-27 13:56:43,501 - app.utils.logger - INFO - Громкость: 77%
2025-02-27 13:56:43,503 - app.utils.logger - INFO - Громкость: 78%
2025-02-27 13:56:43,505 - app.utils.logger - INFO - Громкость: 79%
2025-02-27 13:56:43,508 - app.utils.logger - INFO - Громкость: 80%
2025-02-27 13:56:43,511 - app.utils.logger - INFO - Громкость: 81%
2025-02-27 13:56:43,513 - app.utils.logger - INFO - Громкость: 82%
2025-02-27 13:56:43,516 - app.utils.logger - INFO - Громкость: 83%
2025-02-27 13:56:43,518 - app.utils.logger - INFO - Громкость: 84%
2025-02-27 13:56:43,520 - app.utils.logger - INFO - Громкость: 85%
2025-02-27 13:56:43,523 - app.utils.logger - INFO - Громкость: 86%
2025-02-27 13:56:43,525 - app.utils.logger - INFO - Громкость: 87%
2025-02-27 13:56:43,528 - app.utils.logger - INFO - Громкость: 88%
2025-02-27 13:56:43,530 - app.utils.logger - INFO - Громкость: 89%
2025-02-27 13:56:43,531 - app.utils.logger - INFO - Громкость: 90%
2025-02-27 13:56:43,532 - app.utils.logger - INFO - Громкость: 91%
2025-02-27 13:56:43,535 - app.utils.logger - INFO - Громкость: 92%
2025-02-27 13:56:43,537 - app.utils.logger - INFO - Громкость: 93%
2025-02-27 13:56:43,539 - app.utils.logger - INFO - Громкость: 94%
2025-02-27 13:56:43,541 - app.utils.logger - INFO - Громкость: 95%
2025-02-27 13:56:43,542 - app.utils.logger - INFO - Громкость: 96%
2025-02-27 13:56:43,544 - app.utils.logger - INFO - Громкость: 97%
2025-02-27 13:56:43,545 - app.utils.logger - INFO - Громкость: 98%
2025-02-27 13:56:43,547 - app.utils.logger - INFO - Громкость: 99%
2025-02-27 13:56:43,548 - app.utils.logger - INFO - Громкость: 100%
